#
# There is insufficient memory for the Java Runtime Environment to continue.
# Native memory allocation (malloc) failed to allocate 1811856 bytes. Error detail: Chunk::new
# Possible reasons:
#   The system is out of physical RAM or swap space
#   This process is running with CompressedOops enabled, and the Java Heap may be blocking the growth of the native heap
# Possible solutions:
#   Reduce memory load on the system
#   Increase physical memory or swap space
#   Check if swap backing store is full
#   Decrease Java heap size (-Xmx/-Xms)
#   Decrease number of Java threads
#   Decrease Java thread stack sizes (-Xss)
#   Set larger code cache with -XX:ReservedCodeCacheSize=
#   JVM is running with Zero Based Compressed Oops mode in which the Java heap is
#     placed in the first 32GB address space. The Java Heap base address is the
#     maximum limit for the native heap growth. Please use -XX:HeapBaseMinAddress
#     to set the Java Heap base and to place the Java Heap above 32GB virtual address.
# This output file may be truncated or incomplete.
#
#  Out of Memory Error (arena.cpp:149), pid=15476, tid=8956
#
# JRE version: OpenJDK Runtime Environment (23.0.1+11) (build 23.0.1+11-39)
# Java VM: OpenJDK 64-Bit Server VM (23.0.1+11-39, mixed mode, sharing, tiered, compressed oops, compressed class ptrs, g1 gc, windows-amd64)
# No core dump will be written. Minidumps are not enabled by default on client versions of Windows
#

---------------  S U M M A R Y ------------

Command Line: -ea -javaagent:C:\Users\Mihajlo\.m2\repository/org/aspectj/aspectjweaver/1.9.22.1/aspectjweaver-1.9.22.1.jar -Didea.test.cyclic.buffer.size=1048576 -javaagent:C:\Program Files\JetBrains\IntelliJ IDEA 2024.2.3\lib\idea_rt.jar=58407:C:\Program Files\JetBrains\IntelliJ IDEA 2024.2.3\bin -Dfile.encoding=UTF-8 -Dsun.stdout.encoding=UTF-8 -Dsun.stderr.encoding=UTF-8 com.intellij.rt.junit.JUnitStarter -ideVersion5 -junit5 tests.event.planner.e2e.PurchaseMerchandiseTest

Host: AMD Ryzen 5 5600 6-Core Processor              , 12 cores, 15G,  Windows 11 , 64 bit Build 26100 (10.0.26100.2454)
Time: Sun Feb  2 00:24:35 2025 Central Europe Standard Time elapsed time: 10.599407 seconds (0d 0h 0m 10s)

---------------  T H R E A D  ---------------

Current thread (0x0000021902c988d0):  JavaThread "C2 CompilerThread1" daemon [_thread_in_native, id=8956, stack(0x000000c2c5100000,0x000000c2c5200000) (1024K)]


Current CompileTask:
C2:10599 3747       4       org.aspectj.util.GenericSignatureParser::tokenize (822 bytes)

Stack: [0x000000c2c5100000,0x000000c2c5200000]
Native frames: (J=compiled Java code, j=interpreted, Vv=VM code, C=native code)
V  [jvm.dll+0x6e08b9]  (no source info available)
V  [jvm.dll+0x87dc83]  (no source info available)
V  [jvm.dll+0x88010e]  (no source info available)
V  [jvm.dll+0x8807e3]  (no source info available)
V  [jvm.dll+0x27aee6]  (no source info available)
V  [jvm.dll+0xbc06f]  (no source info available)
V  [jvm.dll+0xbc2cb]  (no source info available)
V  [jvm.dll+0x3b3a62]  (no source info available)
V  [jvm.dll+0x38a42b]  (no source info available)
V  [jvm.dll+0x38989a]  (no source info available)
V  [jvm.dll+0x244aa1]  (no source info available)
V  [jvm.dll+0x243dff]  (no source info available)
V  [jvm.dll+0x1c33a0]  (no source info available)
V  [jvm.dll+0x253cf1]  (no source info available)
V  [jvm.dll+0x251faa]  (no source info available)
V  [jvm.dll+0x3ee036]  (no source info available)
V  [jvm.dll+0x824f8b]  (no source info available)
V  [jvm.dll+0x6df065]  (no source info available)
C  [ucrtbase.dll+0x14ea0]  (no source info available)
C  [KERNEL32.DLL+0x2e8d7]  (no source info available)
C  [ntdll.dll+0xdfbcc]  (no source info available)

Lock stack of current Java thread (top to bottom):


---------------  P R O C E S S  ---------------

Threads class SMR info:
_java_thread_list=0x000002194a23cc50, length=30, elements={
0x0000021960def360, 0x0000021902c83880, 0x0000021902c842e0, 0x0000021902c876a0,
0x0000021902c88380, 0x0000021902c89fa0, 0x0000021902c8afc0, 0x00000219480101c0,
0x0000021902c97b30, 0x000002194811a1d0, 0x0000021948bad520, 0x0000021948babd50,
0x000002194a3c3440, 0x000002194a3c2090, 0x000002194a3c2720, 0x000002194a3c2db0,
0x000002194aeed210, 0x000002194aeed8a0, 0x000002194aeec4f0, 0x000002194aeedf30,
0x000002194aeecb80, 0x000002194aeeec50, 0x000002194aeee5c0, 0x000002194aeef2e0,
0x0000021902c988d0, 0x000002194aeebe60, 0x000002194aef13b0, 0x000002194aef0690,
0x000002194aef20d0, 0x000002194aef2df0
}

Java Threads: ( => current thread )
  0x0000021960def360 JavaThread "Forwarding get on session 780a4a1e4df44ba984449dffebc4df22 to remote"        [_thread_blocked, id=16548, stack(0x000000c2c3f00000,0x000000c2c4000000) (1024K)]
  0x0000021902c83880 JavaThread "Reference Handler"          daemon [_thread_blocked, id=22084, stack(0x000000c2c4700000,0x000000c2c4800000) (1024K)]
  0x0000021902c842e0 JavaThread "Finalizer"                  daemon [_thread_blocked, id=10220, stack(0x000000c2c4800000,0x000000c2c4900000) (1024K)]
  0x0000021902c876a0 JavaThread "Signal Dispatcher"          daemon [_thread_blocked, id=23128, stack(0x000000c2c4900000,0x000000c2c4a00000) (1024K)]
  0x0000021902c88380 JavaThread "Attach Listener"            daemon [_thread_blocked, id=1660, stack(0x000000c2c4a00000,0x000000c2c4b00000) (1024K)]
  0x0000021902c89fa0 JavaThread "Service Thread"             daemon [_thread_blocked, id=20620, stack(0x000000c2c4b00000,0x000000c2c4c00000) (1024K)]
  0x0000021902c8afc0 JavaThread "Monitor Deflation Thread"   daemon [_thread_blocked, id=22500, stack(0x000000c2c4c00000,0x000000c2c4d00000) (1024K)]
  0x00000219480101c0 JavaThread "C2 CompilerThread0"         daemon [_thread_blocked, id=15792, stack(0x000000c2c4d00000,0x000000c2c4e00000) (1024K)]
  0x0000021902c97b30 JavaThread "C1 CompilerThread0"         daemon [_thread_blocked, id=3748, stack(0x000000c2c4e00000,0x000000c2c4f00000) (1024K)]
  0x000002194811a1d0 JavaThread "Common-Cleaner"             daemon [_thread_blocked, id=18060, stack(0x000000c2c4f00000,0x000000c2c5000000) (1024K)]
  0x0000021948bad520 JavaThread "Monitor Ctrl-Break"         daemon [_thread_in_native, id=5812, stack(0x000000c2c5200000,0x000000c2c5300000) (1024K)]
  0x0000021948babd50 JavaThread "Notification Thread"        daemon [_thread_blocked, id=22324, stack(0x000000c2c5300000,0x000000c2c5400000) (1024K)]
  0x000002194a3c3440 JavaThread "ForkJoinPool.commonPool-worker-1" daemon [_thread_blocked, id=14000, stack(0x000000c2c5000000,0x000000c2c5100000) (1024K)]
  0x000002194a3c2090 JavaThread "HttpClient-1-SelectorManager" daemon [_thread_in_native, id=19876, stack(0x000000c2c6000000,0x000000c2c6100000) (1024K)]
  0x000002194a3c2720 JavaThread "External Process Output Forwarder - C:\Users\Mihajlo\.cache\selenium\chromedriver\win64\132.0.6834.159\chromedriver.exe" daemon [_thread_in_native, id=3608, stack(0x000000c2c6100000,0x000000c2c6200000) (1024K)]
  0x000002194a3c2db0 JavaThread "Driver Service Executor"    daemon [_thread_blocked, id=19976, stack(0x000000c2c6200000,0x000000c2c6300000) (1024K)]
  0x000002194aeed210 JavaThread "Driver Service Executor"    daemon [_thread_in_native, id=11084, stack(0x000000c2c6300000,0x000000c2c6400000) (1024K)]
  0x000002194aeed8a0 JavaThread "UrlChecker-2"               daemon [_thread_blocked, id=18044, stack(0x000000c2c6400000,0x000000c2c6500000) (1024K)]
  0x000002194aeec4f0 JavaThread "Keep-Alive-Timer"           daemon [_thread_blocked, id=21304, stack(0x000000c2c6600000,0x000000c2c6700000) (1024K)]
  0x000002194aeedf30 JavaThread "JdkHttpClient-0-0"          daemon [_thread_blocked, id=9740, stack(0x000000c2c6700000,0x000000c2c6800000) (1024K)]
  0x000002194aeecb80 JavaThread "CompletableFutureDelayScheduler" daemon [_thread_blocked, id=9360, stack(0x000000c2c6800000,0x000000c2c6900000) (1024K)]
  0x000002194aeeec50 JavaThread "JdkHttpClient-0-1"          daemon [_thread_blocked, id=9960, stack(0x000000c2c6900000,0x000000c2c6a00000) (1024K)]
  0x000002194aeee5c0 JavaThread "JdkHttpClient-0-2"          daemon [_thread_blocked, id=12080, stack(0x000000c2c6a00000,0x000000c2c6b00000) (1024K)]
  0x000002194aeef2e0 JavaThread "JdkHttpClient-0-3"          daemon [_thread_blocked, id=11624, stack(0x000000c2c6b00000,0x000000c2c6c00000) (1024K)]
=>0x0000021902c988d0 JavaThread "C2 CompilerThread1"         daemon [_thread_in_native, id=8956, stack(0x000000c2c5100000,0x000000c2c5200000) (1024K)]
  0x000002194aeebe60 JavaThread "HttpClient-2-SelectorManager" daemon [_thread_in_native, id=15572, stack(0x000000c2c5d00000,0x000000c2c5e00000) (1024K)]
  0x000002194aef13b0 JavaThread "JdkHttpClient-1-0"          daemon [_thread_blocked, id=8548, stack(0x000000c2c6c00000,0x000000c2c6d00000) (1024K)]
  0x000002194aef0690 JavaThread "JdkHttpClient-1-1"          daemon [_thread_blocked, id=19712, stack(0x000000c2c6d00000,0x000000c2c6e00000) (1024K)]
  0x000002194aef20d0 JavaThread "JdkHttpClient-1-2"          daemon [_thread_blocked, id=22784, stack(0x000000c2c6e00000,0x000000c2c6f00000) (1024K)]
  0x000002194aef2df0 JavaThread "JdkHttpClient-1-3"          daemon [_thread_blocked, id=8700, stack(0x000000c2c6f00000,0x000000c2c7000000) (1024K)]
Total: 30

Other Threads:
  0x0000021902c68a60 VMThread "VM Thread"                           [id=18020, stack(0x000000c2c4600000,0x000000c2c4700000) (1024K)]
  0x0000021902c54e00 WatcherThread "VM Periodic Task Thread"        [id=3556, stack(0x000000c2c4500000,0x000000c2c4600000) (1024K)]
  0x00000219632b0000 WorkerThread "GC Thread#0"                     [id=19368, stack(0x000000c2c4000000,0x000000c2c4100000) (1024K)]
  0x00000219492c99d0 WorkerThread "GC Thread#1"                     [id=14988, stack(0x000000c2c5400000,0x000000c2c5500000) (1024K)]
  0x0000021949313990 WorkerThread "GC Thread#2"                     [id=5644, stack(0x000000c2c5500000,0x000000c2c5600000) (1024K)]
  0x0000021949313d40 WorkerThread "GC Thread#3"                     [id=2676, stack(0x000000c2c5600000,0x000000c2c5700000) (1024K)]
  0x0000021949016be0 WorkerThread "GC Thread#4"                     [id=20088, stack(0x000000c2c5700000,0x000000c2c5800000) (1024K)]
  0x0000021949016f90 WorkerThread "GC Thread#5"                     [id=21868, stack(0x000000c2c5800000,0x000000c2c5900000) (1024K)]
  0x000002194972bd60 WorkerThread "GC Thread#6"                     [id=19920, stack(0x000000c2c5900000,0x000000c2c5a00000) (1024K)]
  0x000002194972a740 WorkerThread "GC Thread#7"                     [id=10916, stack(0x000000c2c5a00000,0x000000c2c5b00000) (1024K)]
  0x000002194972a390 WorkerThread "GC Thread#8"                     [id=1460, stack(0x000000c2c5b00000,0x000000c2c5c00000) (1024K)]
  0x000002194972b250 WorkerThread "GC Thread#9"                     [id=18576, stack(0x000000c2c5c00000,0x000000c2c5d00000) (1024K)]
  0x00000219632c7d10 ConcurrentGCThread "G1 Main Marker"            [id=14320, stack(0x000000c2c4100000,0x000000c2c4200000) (1024K)]
  0x00000219632c8ed0 WorkerThread "G1 Conc#0"                       [id=7448, stack(0x000000c2c4200000,0x000000c2c4300000) (1024K)]
  0x0000021949f602c0 WorkerThread "G1 Conc#1"                       [id=7528, stack(0x000000c2c5e00000,0x000000c2c5f00000) (1024K)]
  0x0000021949f60dd0 WorkerThread "G1 Conc#2"                       [id=16700, stack(0x000000c2c5f00000,0x000000c2c6000000) (1024K)]
  0x0000021902b15400 ConcurrentGCThread "G1 Refine#0"               [id=15248, stack(0x000000c2c4300000,0x000000c2c4400000) (1024K)]
  0x0000021902b16d40 ConcurrentGCThread "G1 Service"                [id=16452, stack(0x000000c2c4400000,0x000000c2c4500000) (1024K)]
Total: 18

Threads with active compile tasks:
C2 CompilerThread1  11646 3747       4       org.aspectj.util.GenericSignatureParser::tokenize (822 bytes)
Total: 1

VM state: not at safepoint (normal execution)

VM Mutex/Monitor currently owned by a thread: None

Heap address: 0x0000000701200000, size: 4078 MB, Compressed Oops mode: Zero based, Oop shift amount: 3

CDS archive(s) mapped at: [0x0000021903000000-0x0000021903d70000-0x0000021903d70000), size 14090240, SharedBaseAddress: 0x0000021903000000, ArchiveRelocationMode: 1.
Compressed class space mapped at: 0x0000021904000000-0x0000021944000000, reserved size: 1073741824
Narrow klass base: 0x0000021903000000, Narrow klass shift: 0, Narrow klass range: 0x41000000

GC Precious Log:
 CardTable entry size: 512
 Card Set container configuration: InlinePtr #cards 4 size 8 Array Of Cards #cards 16 size 48 Howl #buckets 8 coarsen threshold 3686 Howl Bitmap #cards 512 size 80 coarsen threshold 460 Card regions per heap region 1 cards per card region 4096
 CPUs: 12 total, 12 available
 Memory: 16307M
 Large Page Support: Disabled
 NUMA Support: Disabled
 Compressed Oops: Enabled (Zero based)
 Heap Region Size: 2M
 Heap Min Capacity: 8M
 Heap Initial Capacity: 256M
 Heap Max Capacity: 4078M
 Pre-touch: Disabled
 Parallel Workers: 10
 Concurrent Workers: 3
 Concurrent Refinement Workers: 10
 Periodic GC: Disabled

Heap:
 garbage-first heap   total reserved 4175872K, committed 102400K, used 65425K [0x0000000701200000, 0x0000000800000000)
  region size 2048K, 24 young (49152K), 6 survivors (12288K)
 Metaspace       used 25507K, committed 25856K, reserved 1114112K
  class space    used 3032K, committed 3136K, reserved 1048576K

Heap Regions: E=young(eden), S=young(survivor), O=old, HS=humongous(starts), HC=humongous(continues), CS=collection set, F=free, TAMS=top-at-mark-start, PB=parsable bottom
|   0|0x0000000701200000, 0x0000000701400000, 0x0000000701400000|100%| O|  |TAMS 0x0000000701200000| PB 0x0000000701200000| Untracked |  0
|   1|0x0000000701400000, 0x0000000701600000, 0x0000000701600000|100%| O|  |TAMS 0x0000000701400000| PB 0x0000000701400000| Untracked |  0
|   2|0x0000000701600000, 0x0000000701800000, 0x0000000701800000|100%| O|  |TAMS 0x0000000701600000| PB 0x0000000701600000| Untracked |  0
|   3|0x0000000701800000, 0x0000000701a00000, 0x0000000701a00000|100%| O|Cm|TAMS 0x0000000701800000| PB 0x0000000701800000| Complete |  0
|   4|0x0000000701a00000, 0x0000000701c00000, 0x0000000701c00000|100%| O|  |TAMS 0x0000000701a00000| PB 0x0000000701a00000| Untracked |  0
|   5|0x0000000701c00000, 0x0000000701e00000, 0x0000000701e00000|100%| O|  |TAMS 0x0000000701c00000| PB 0x0000000701c00000| Untracked |  0
|   6|0x0000000701e00000, 0x0000000702000000, 0x0000000702000000|100%| O|  |TAMS 0x0000000701e00000| PB 0x0000000701e00000| Untracked |  0
|   7|0x0000000702000000, 0x0000000702200000, 0x0000000702200000|100%| O|  |TAMS 0x0000000702000000| PB 0x0000000702000000| Untracked |  0
|   8|0x0000000702200000, 0x00000007023f1cf0, 0x0000000702400000| 97%| O|  |TAMS 0x0000000702200000| PB 0x0000000702200000| Untracked |  0
|   9|0x0000000702400000, 0x0000000702400000, 0x0000000702600000|  0%| F|  |TAMS 0x0000000702400000| PB 0x0000000702400000| Untracked |  0
|  10|0x0000000702600000, 0x0000000702600000, 0x0000000702800000|  0%| F|  |TAMS 0x0000000702600000| PB 0x0000000702600000| Untracked |  0
|  11|0x0000000702800000, 0x0000000702800000, 0x0000000702a00000|  0%| F|  |TAMS 0x0000000702800000| PB 0x0000000702800000| Untracked |  0
|  12|0x0000000702a00000, 0x0000000702a00000, 0x0000000702c00000|  0%| F|  |TAMS 0x0000000702a00000| PB 0x0000000702a00000| Untracked |  0
|  13|0x0000000702c00000, 0x0000000702c00000, 0x0000000702e00000|  0%| F|  |TAMS 0x0000000702c00000| PB 0x0000000702c00000| Untracked |  0
|  14|0x0000000702e00000, 0x0000000702e00000, 0x0000000703000000|  0%| F|  |TAMS 0x0000000702e00000| PB 0x0000000702e00000| Untracked |  0
|  15|0x0000000703000000, 0x0000000703000000, 0x0000000703200000|  0%| F|  |TAMS 0x0000000703000000| PB 0x0000000703000000| Untracked |  0
|  16|0x0000000703200000, 0x0000000703200000, 0x0000000703400000|  0%| F|  |TAMS 0x0000000703200000| PB 0x0000000703200000| Untracked |  0
|  17|0x0000000703400000, 0x0000000703400000, 0x0000000703600000|  0%| F|  |TAMS 0x0000000703400000| PB 0x0000000703400000| Untracked |  0
|  18|0x0000000703600000, 0x0000000703600000, 0x0000000703800000|  0%| F|  |TAMS 0x0000000703600000| PB 0x0000000703600000| Untracked |  0
|  19|0x0000000703800000, 0x0000000703800000, 0x0000000703a00000|  0%| F|  |TAMS 0x0000000703800000| PB 0x0000000703800000| Untracked |  0
|  20|0x0000000703a00000, 0x0000000703a00000, 0x0000000703c00000|  0%| F|  |TAMS 0x0000000703a00000| PB 0x0000000703a00000| Untracked |  0
|  21|0x0000000703c00000, 0x0000000703c00000, 0x0000000703e00000|  0%| F|  |TAMS 0x0000000703c00000| PB 0x0000000703c00000| Untracked |  0
|  22|0x0000000703e00000, 0x0000000703e00000, 0x0000000704000000|  0%| F|  |TAMS 0x0000000703e00000| PB 0x0000000703e00000| Untracked |  0
|  23|0x0000000704000000, 0x0000000704000000, 0x0000000704200000|  0%| F|  |TAMS 0x0000000704000000| PB 0x0000000704000000| Untracked |  0
|  24|0x0000000704200000, 0x0000000704200000, 0x0000000704400000|  0%| F|  |TAMS 0x0000000704200000| PB 0x0000000704200000| Untracked |  0
|  25|0x0000000704400000, 0x0000000704400000, 0x0000000704600000|  0%| F|  |TAMS 0x0000000704400000| PB 0x0000000704400000| Untracked |  0
|  26|0x0000000704600000, 0x0000000704700000, 0x0000000704800000| 50%| E|  |TAMS 0x0000000704600000| PB 0x0000000704600000| Complete |  0
|  27|0x0000000704800000, 0x0000000704a00000, 0x0000000704a00000|100%| E|CS|TAMS 0x0000000704800000| PB 0x0000000704800000| Complete |  0
|  28|0x0000000704a00000, 0x0000000704c00000, 0x0000000704c00000|100%| E|CS|TAMS 0x0000000704a00000| PB 0x0000000704a00000| Complete |  0
|  29|0x0000000704c00000, 0x0000000704e00000, 0x0000000704e00000|100%| E|CS|TAMS 0x0000000704c00000| PB 0x0000000704c00000| Complete |  0
|  30|0x0000000704e00000, 0x0000000705000000, 0x0000000705000000|100%| E|CS|TAMS 0x0000000704e00000| PB 0x0000000704e00000| Complete |  0
|  31|0x0000000705000000, 0x0000000705200000, 0x0000000705200000|100%| E|CS|TAMS 0x0000000705000000| PB 0x0000000705000000| Complete |  0
|  32|0x0000000705200000, 0x0000000705400000, 0x0000000705400000|100%| E|CS|TAMS 0x0000000705200000| PB 0x0000000705200000| Complete |  0
|  33|0x0000000705400000, 0x0000000705600000, 0x0000000705600000|100%| E|CS|TAMS 0x0000000705400000| PB 0x0000000705400000| Complete |  0
|  34|0x0000000705600000, 0x0000000705800000, 0x0000000705800000|100%| E|CS|TAMS 0x0000000705600000| PB 0x0000000705600000| Complete |  0
|  35|0x0000000705800000, 0x0000000705a00000, 0x0000000705a00000|100%| E|CS|TAMS 0x0000000705800000| PB 0x0000000705800000| Complete |  0
|  36|0x0000000705a00000, 0x0000000705c00000, 0x0000000705c00000|100%| E|CS|TAMS 0x0000000705a00000| PB 0x0000000705a00000| Complete |  0
|  37|0x0000000705c00000, 0x0000000705e00000, 0x0000000705e00000|100%| E|CS|TAMS 0x0000000705c00000| PB 0x0000000705c00000| Complete |  0
|  38|0x0000000705e00000, 0x0000000706000000, 0x0000000706000000|100%| E|CS|TAMS 0x0000000705e00000| PB 0x0000000705e00000| Complete |  0
|  39|0x0000000706000000, 0x0000000706200000, 0x0000000706200000|100%| E|CS|TAMS 0x0000000706000000| PB 0x0000000706000000| Complete |  0
|  40|0x0000000706200000, 0x0000000706400000, 0x0000000706400000|100%| E|CS|TAMS 0x0000000706200000| PB 0x0000000706200000| Complete |  0
|  41|0x0000000706400000, 0x0000000706600000, 0x0000000706600000|100%| E|CS|TAMS 0x0000000706400000| PB 0x0000000706400000| Complete |  0
|  42|0x0000000706600000, 0x0000000706800000, 0x0000000706800000|100%| E|CS|TAMS 0x0000000706600000| PB 0x0000000706600000| Complete |  0
|  93|0x000000070cc00000, 0x000000070cdf2968, 0x000000070ce00000| 97%| S|CS|TAMS 0x000000070cc00000| PB 0x000000070cc00000| Complete |  0
|  97|0x000000070d400000, 0x000000070d600000, 0x000000070d600000|100%| S|CS|TAMS 0x000000070d400000| PB 0x000000070d400000| Complete |  0
|  98|0x000000070d600000, 0x000000070d800000, 0x000000070d800000|100%| S|CS|TAMS 0x000000070d600000| PB 0x000000070d600000| Complete |  0
|  99|0x000000070d800000, 0x000000070da00000, 0x000000070da00000|100%| S|CS|TAMS 0x000000070d800000| PB 0x000000070d800000| Complete |  0
| 100|0x000000070da00000, 0x000000070dc00000, 0x000000070dc00000|100%| S|CS|TAMS 0x000000070da00000| PB 0x000000070da00000| Complete |  0
| 101|0x000000070dc00000, 0x000000070de00000, 0x000000070de00000|100%| S|CS|TAMS 0x000000070dc00000| PB 0x000000070dc00000| Complete |  0
| 127|0x0000000711000000, 0x0000000711200000, 0x0000000711200000|100%| E|CS|TAMS 0x0000000711000000| PB 0x0000000711000000| Complete |  0

Card table byte_map: [0x000002197b7d0000,0x000002197bfd0000] _byte_map_base: 0x0000021977fc7000

Marking Bits: (CMBitMap*) 0x00000219632b0620
 Bits: [0x000002197bfd0000, 0x000002197ff88000)

Polling page: 0x00000219610b0000

Metaspace:

Usage:
  Non-class:     21.95 MB used.
      Class:      2.96 MB used.
       Both:     24.91 MB used.

Virtual space:
  Non-class space:       64.00 MB reserved,      22.19 MB ( 35%) committed,  1 nodes.
      Class space:        1.00 GB reserved,       3.06 MB ( <1%) committed,  1 nodes.
             Both:        1.06 GB reserved,      25.25 MB (  2%) committed. 

Chunk freelists:
   Non-Class:  9.86 MB
       Class:  12.82 MB
        Both:  22.67 MB

MaxMetaspaceSize: unlimited
CompressedClassSpaceSize: 1.00 GB
Initial GC threshold: 21.00 MB
Current GC threshold: 35.44 MB
CDS: on
 - commit_granule_bytes: 65536.
 - commit_granule_words: 8192.
 - virtual_space_node_default_size: 8388608.
 - enlarge_chunks_in_place: 1.
 - use_allocation_guard: 0.


Internal statistics:

num_allocs_failed_limit: 3.
num_arena_births: 378.
num_arena_deaths: 0.
num_vsnodes_births: 2.
num_vsnodes_deaths: 0.
num_space_committed: 404.
num_space_uncommitted: 0.
num_chunks_returned_to_freelist: 3.
num_chunks_taken_from_freelist: 1102.
num_chunk_merges: 0.
num_chunk_splits: 717.
num_chunks_enlarged: 511.
num_inconsistent_stats: 0.

CodeHeap 'non-profiled nmethods': size=120064Kb used=2057Kb max_used=2057Kb free=118006Kb
 bounds [0x0000021973430000, 0x00000219736a0000, 0x000002197a970000]
CodeHeap 'profiled nmethods': size=120000Kb used=6791Kb max_used=6791Kb free=113208Kb
 bounds [0x000002196b970000, 0x000002196c020000, 0x0000021972ea0000]
CodeHeap 'non-nmethods': size=5696Kb used=1530Kb max_used=1615Kb free=4165Kb
 bounds [0x0000021972ea0000, 0x0000021973110000, 0x0000021973430000]
CodeCache: size=245760Kb, used=10378Kb, max_used=10463Kb, free=235379Kb
 total_blobs=4415, nmethods=3803, adapters=516, full_count=0
Compilation: enabled, stopped_count=0, restarted_count=0

Compilation events (20 events):
Event: 8.554 Thread 0x00000219480101c0 3792       4       java.lang.Class::getClassLoader (28 bytes)
Event: 8.554 Thread 0x00000219480101c0 nmethod 3792 0x0000021973631788 code [0x0000021973631880, 0x0000021973631908]
Event: 8.555 Thread 0x00000219480101c0 3796       4       com.intellij.rt.execution.junit.MapSerializerUtil$1::escape (124 bytes)
Event: 8.555 Thread 0x0000021902c97b30 3797       3       java.util.Arrays::stream (8 bytes)
Event: 8.555 Thread 0x0000021902c97b30 nmethod 3797 0x000002196c010288 code [0x000002196c0103c0, 0x000002196c0105e0]
Event: 8.555 Thread 0x0000021902c97b30 3799       3       java.lang.Character::isLowSurrogate (18 bytes)
Event: 8.555 Thread 0x0000021902c97b30 nmethod 3799 0x000002196c010608 code [0x000002196c010720, 0x000002196c010890]
Event: 8.555 Thread 0x0000021902c97b30 3798       3       java.util.Arrays::stream (11 bytes)
Event: 8.555 Thread 0x0000021902c97b30 nmethod 3798 0x000002196c010908 code [0x000002196c010a40, 0x000002196c010bf0]
Event: 8.555 Thread 0x00000219480101c0 nmethod 3796 0x0000021973631a88 code [0x0000021973631b80, 0x0000021973631cc0]
Event: 8.556 Thread 0x0000021902c97b30 3800       3       java.lang.Class::getInterfaces (49 bytes)
Event: 8.556 Thread 0x0000021902c97b30 nmethod 3800 0x000002196c010c08 code [0x000002196c010d80, 0x000002196c011240]
Event: 8.557 Thread 0x0000021902c97b30 3801       3       sun.reflect.annotation.AnnotationParser::toArray (18 bytes)
Event: 8.557 Thread 0x0000021902c97b30 nmethod 3801 0x000002196c011288 code [0x000002196c0113c0, 0x000002196c011738]
Event: 8.559 Thread 0x00000219480101c0 3803       4       java.util.concurrent.locks.AbstractQueuedSynchronizer::release (19 bytes)
Event: 8.559 Thread 0x0000021902c97b30 3804       3       java.util.concurrent.atomic.AtomicLong::incrementAndGet (14 bytes)
Event: 8.559 Thread 0x0000021902c97b30 nmethod 3804 0x000002196c011788 code [0x000002196c0118a0, 0x000002196c0119c0]
Event: 8.559 Thread 0x0000021902c97b30 3805       3       jdk.internal.misc.Unsafe::weakCompareAndSetLong (11 bytes)
Event: 8.559 Thread 0x0000021902c97b30 nmethod 3805 0x000002196c011a88 code [0x000002196c011ba0, 0x000002196c011cc8]
Event: 8.560 Thread 0x00000219480101c0 nmethod 3803 0x0000021973632088 code [0x00000219736321a0, 0x00000219736323b8]

GC Heap History (10 events):
Event: 0.426 GC heap before
{Heap before GC invocations=0 (full 0):
 garbage-first heap   total reserved 4175872K, committed 262144K, used 22528K [0x0000000701200000, 0x0000000800000000)
  region size 2048K, 12 young (24576K), 0 survivors (0K)
 Metaspace       used 7218K, committed 7360K, reserved 1114112K
  class space    used 691K, committed 768K, reserved 1048576K
}
Event: 0.428 GC heap after
{Heap after GC invocations=1 (full 0):
 garbage-first heap   total reserved 4175872K, committed 262144K, used 6076K [0x0000000701200000, 0x0000000800000000)
  region size 2048K, 2 young (4096K), 2 survivors (4096K)
 Metaspace       used 7218K, committed 7360K, reserved 1114112K
  class space    used 691K, committed 768K, reserved 1048576K
}
Event: 0.589 GC heap before
{Heap before GC invocations=1 (full 0):
 garbage-first heap   total reserved 4175872K, committed 262144K, used 26556K [0x0000000701200000, 0x0000000800000000)
  region size 2048K, 12 young (24576K), 2 survivors (4096K)
 Metaspace       used 8412K, committed 8576K, reserved 1114112K
  class space    used 790K, committed 832K, reserved 1048576K
}
Event: 0.592 GC heap after
{Heap after GC invocations=2 (full 0):
 garbage-first heap   total reserved 4175872K, committed 262144K, used 11460K [0x0000000701200000, 0x0000000800000000)
  region size 2048K, 2 young (4096K), 2 survivors (4096K)
 Metaspace       used 8412K, committed 8576K, reserved 1114112K
  class space    used 790K, committed 832K, reserved 1048576K
}
Event: 0.814 GC heap before
{Heap before GC invocations=2 (full 0):
 garbage-first heap   total reserved 4175872K, committed 262144K, used 56516K [0x0000000701200000, 0x0000000800000000)
  region size 2048K, 25 young (51200K), 2 survivors (4096K)
 Metaspace       used 10904K, committed 11008K, reserved 1114112K
  class space    used 976K, committed 1024K, reserved 1048576K
}
Event: 0.818 GC heap after
{Heap after GC invocations=3 (full 0):
 garbage-first heap   total reserved 4175872K, committed 262144K, used 18003K [0x0000000701200000, 0x0000000800000000)
  region size 2048K, 4 young (8192K), 4 survivors (8192K)
 Metaspace       used 10904K, committed 11008K, reserved 1114112K
  class space    used 976K, committed 1024K, reserved 1048576K
}
Event: 1.180 GC heap before
{Heap before GC invocations=3 (full 0):
 garbage-first heap   total reserved 4175872K, committed 262144K, used 73299K [0x0000000701200000, 0x0000000800000000)
  region size 2048K, 31 young (63488K), 4 survivors (8192K)
 Metaspace       used 14311K, committed 14400K, reserved 1114112K
  class space    used 1434K, committed 1472K, reserved 1048576K
}
Event: 1.184 GC heap after
{Heap after GC invocations=4 (full 0):
 garbage-first heap   total reserved 4175872K, committed 262144K, used 23877K [0x0000000701200000, 0x0000000800000000)
  region size 2048K, 3 young (6144K), 3 survivors (6144K)
 Metaspace       used 14311K, committed 14400K, reserved 1114112K
  class space    used 1434K, committed 1472K, reserved 1048576K
}
Event: 1.814 GC heap before
{Heap before GC invocations=4 (full 0):
 garbage-first heap   total reserved 4175872K, committed 262144K, used 75077K [0x0000000701200000, 0x0000000800000000)
  region size 2048K, 29 young (59392K), 3 survivors (6144K)
 Metaspace       used 21187K, committed 21504K, reserved 1114112K
  class space    used 2378K, committed 2560K, reserved 1048576K
}
Event: 1.818 GC heap after
{Heap after GC invocations=5 (full 0):
 garbage-first heap   total reserved 4175872K, committed 262144K, used 30609K [0x0000000701200000, 0x0000000800000000)
  region size 2048K, 6 young (12288K), 6 survivors (12288K)
 Metaspace       used 21187K, committed 21504K, reserved 1114112K
  class space    used 2378K, committed 2560K, reserved 1048576K
}

Dll operation events (14 events):
Event: 0.006 Loaded shared library C:\Users\Mihajlo\.jdks\openjdk-23.0.1\bin\java.dll
Event: 0.024 Loaded shared library C:\Users\Mihajlo\.jdks\openjdk-23.0.1\bin\jsvml.dll
Event: 0.080 Loaded shared library C:\Users\Mihajlo\.jdks\openjdk-23.0.1\bin\zip.dll
Event: 0.082 Loaded shared library C:\Users\Mihajlo\.jdks\openjdk-23.0.1\bin\instrument.dll
Event: 0.085 Loaded shared library C:\Users\Mihajlo\.jdks\openjdk-23.0.1\bin\net.dll
Event: 0.086 Loaded shared library C:\Users\Mihajlo\.jdks\openjdk-23.0.1\bin\nio.dll
Event: 0.092 Loaded shared library C:\Users\Mihajlo\.jdks\openjdk-23.0.1\bin\zip.dll
Event: 0.110 Loaded shared library C:\Users\Mihajlo\.jdks\openjdk-23.0.1\bin\jimage.dll
Event: 0.154 Loaded shared library C:\Users\Mihajlo\.jdks\openjdk-23.0.1\bin\verify.dll
Event: 0.372 Loaded shared library C:\Program Files\JetBrains\IntelliJ IDEA 2024.2.3\bin\breakgen64.dll
Event: 0.381 Loaded shared library C:\Users\Mihajlo\.jdks\openjdk-23.0.1\bin\extnet.dll
Event: 1.806 Loaded shared library C:\Users\Mihajlo\.jdks\openjdk-23.0.1\bin\sunmscapi.dll
Event: 8.543 Loaded shared library C:\Users\Mihajlo\.jdks\openjdk-23.0.1\bin\management.dll
Event: 8.544 Loaded shared library C:\Users\Mihajlo\.jdks\openjdk-23.0.1\bin\management_ext.dll

Deoptimization events (20 events):
Event: 7.458 Thread 0x0000021960def360 Uncommon trap: trap_request=0xffffffd6 fr.pc=0x00000219736224dc relative=0x0000000000000e1c
Event: 7.458 Thread 0x0000021960def360 Uncommon trap: reason=array_check action=maybe_recompile pc=0x00000219736224dc method=org.aspectj.weaver.bcel.BcelClassWeaver.indexShadowMungers()V @ 112 c2
Event: 7.458 Thread 0x0000021960def360 DEOPT PACKING pc=0x00000219736224dc sp=0x000000c2c3ffa040
Event: 7.458 Thread 0x0000021960def360 DEOPT UNPACKING pc=0x0000021972ef4402 sp=0x000000c2c3ffa028 mode 2
Event: 7.459 Thread 0x0000021960def360 Uncommon trap: trap_request=0xffffffd6 fr.pc=0x00000219736224dc relative=0x0000000000000e1c
Event: 7.459 Thread 0x0000021960def360 Uncommon trap: reason=array_check action=maybe_recompile pc=0x00000219736224dc method=org.aspectj.weaver.bcel.BcelClassWeaver.indexShadowMungers()V @ 112 c2
Event: 7.459 Thread 0x0000021960def360 DEOPT PACKING pc=0x00000219736224dc sp=0x000000c2c3ff9840
Event: 7.459 Thread 0x0000021960def360 DEOPT UNPACKING pc=0x0000021972ef4402 sp=0x000000c2c3ff9828 mode 2
Event: 8.499 Thread 0x0000021960def360 DEOPT PACKING pc=0x000002196bf1d82d sp=0x000000c2c3ffb4e0
Event: 8.499 Thread 0x0000021960def360 DEOPT UNPACKING pc=0x0000021972ef4b22 sp=0x000000c2c3ffa9f0 mode 0
Event: 8.513 Thread 0x0000021960def360 DEOPT PACKING pc=0x000002196bc86f3a sp=0x000000c2c3ff9690
Event: 8.513 Thread 0x0000021960def360 DEOPT UNPACKING pc=0x0000021972ef4b22 sp=0x000000c2c3ff8cb8 mode 0
Event: 8.531 Thread 0x0000021960def360 Uncommon trap: trap_request=0xffffff45 fr.pc=0x00000219735893e0 relative=0x00000000000000c0
Event: 8.531 Thread 0x0000021960def360 Uncommon trap: reason=unstable_if action=reinterpret pc=0x00000219735893e0 method=jdk.internal.misc.Unsafe.convEndian(ZI)I @ 4 c2
Event: 8.531 Thread 0x0000021960def360 DEOPT PACKING pc=0x00000219735893e0 sp=0x000000c2c3ffcd90
Event: 8.531 Thread 0x0000021960def360 DEOPT UNPACKING pc=0x0000021972ef4402 sp=0x000000c2c3ffcc28 mode 2
Event: 8.531 Thread 0x0000021960def360 Uncommon trap: trap_request=0xffffff45 fr.pc=0x000002197348747c relative=0x000000000000007c
Event: 8.531 Thread 0x0000021960def360 Uncommon trap: reason=unstable_if action=reinterpret pc=0x000002197348747c method=jdk.internal.misc.Unsafe.convEndian(ZI)I @ 4 c2
Event: 8.531 Thread 0x0000021960def360 DEOPT PACKING pc=0x000002197348747c sp=0x000000c2c3ffccf0
Event: 8.531 Thread 0x0000021960def360 DEOPT UNPACKING pc=0x0000021972ef4402 sp=0x000000c2c3ffcc20 mode 2

Classes loaded (20 events):
Event: 8.546 Loading class sun/management/ManagementFactoryHelper$LoggingMXBeanAccess$1
Event: 8.546 Loading class sun/management/ManagementFactoryHelper$LoggingMXBeanAccess$1 done
Event: 8.546 Loading class java/lang/management/DefaultPlatformMBeanProvider$9
Event: 8.546 Loading class java/lang/management/DefaultPlatformMBeanProvider$9 done
Event: 8.546 Loading class java/lang/management/DefaultPlatformMBeanProvider$10
Event: 8.547 Loading class java/lang/management/DefaultPlatformMBeanProvider$10 done
Event: 8.547 Loading class java/lang/management/DefaultPlatformMBeanProvider$11
Event: 8.547 Loading class java/lang/management/DefaultPlatformMBeanProvider$11 done
Event: 8.547 Loading class jdk/management/jfr/FlightRecorderMXBean
Event: 8.547 Loading class jdk/management/jfr/FlightRecorderMXBean done
Event: 8.547 Loading class jdk/management/jfr/internal/FlightRecorderMXBeanProvider$SingleMBeanComponent
Event: 8.547 Loading class jdk/management/jfr/internal/FlightRecorderMXBeanProvider$SingleMBeanComponent done
Event: 8.547 Loading class java/util/stream/ReduceOps$2
Event: 8.547 Loading class java/util/stream/ReduceOps$2 done
Event: 8.547 Loading class java/util/stream/ReduceOps$2ReducingSink
Event: 8.547 Loading class java/util/stream/ReduceOps$2ReducingSink done
Event: 8.547 Loading class sun/management/RuntimeImpl
Event: 8.547 Loading class sun/management/RuntimeImpl done
Event: 8.557 Loading class java/util/AbstractList$ListItr
Event: 8.557 Loading class java/util/AbstractList$ListItr done

Classes unloaded (0 events):
No events

Classes redefined (0 events):
No events

Internal exceptions (20 events):
Event: 1.859 Thread 0x0000021960def360 Exception <a 'java/lang/IncompatibleClassChangeError'{0x00000007064badd0}: Found class java.lang.Object, but interface was expected> (0x00000007064badd0) 
thrown [s\open\src\hotspot\share\interpreter\linkResolver.cpp, line 863]
Event: 1.864 Thread 0x0000021960def360 Exception <a 'java/lang/NoSuchMethodError'{0x000000070655efb8}: 'java.lang.Object java.lang.invoke.DirectMethodHandle$Holder.invokeVirtual(java.lang.Object, java.lang.Object, java.lang.Object, java.lang.Object)'> (0x000000070655efb8) 
thrown [s\open\src\hotspot\share\interpreter\linkResolver.cpp, line 796]
Event: 1.877 Thread 0x000002194aeed8a0 Exception <a 'java/net/ConnectException'{0x000000070637ce38}: Connection refused: getsockopt> (0x000000070637ce38) 
thrown [s\open\src\hotspot\share\prims\jni.cpp, line 539]
Event: 1.912 Thread 0x0000021960def360 Exception <a 'java/lang/NoSuchMethodError'{0x00000007061a5660}: 'java.lang.Object java.lang.invoke.DirectMethodHandle$Holder.newInvokeSpecial(java.lang.Object, java.lang.Object, int, int)'> (0x00000007061a5660) 
thrown [s\open\src\hotspot\share\interpreter\linkResolver.cpp, line 796]
Event: 1.913 Thread 0x0000021960def360 Exception <a 'java/lang/NoSuchMethodError'{0x00000007061b97b0}: 'void java.lang.invoke.DirectMethodHandle$Holder.invokeStatic(java.lang.Object, java.lang.Object, int)'> (0x00000007061b97b0) 
thrown [s\open\src\hotspot\share\interpreter\linkResolver.cpp, line 796]
Event: 1.945 Thread 0x000002194aeedf30 Exception <a 'java/lang/NoSuchMethodError'{0x0000000705c3ef28}: 'java.lang.Object java.lang.invoke.DirectMethodHandle$Holder.invokeSpecial(java.lang.Object, java.lang.Object, java.lang.Object, java.lang.Object, int)'> (0x0000000705c3ef28) 
thrown [s\open\src\hotspot\share\interpreter\linkResolver.cpp, line 796]
Event: 1.945 Thread 0x000002194aeedf30 Exception <a 'java/lang/NoSuchMethodError'{0x0000000705c42898}: 'java.lang.Object java.lang.invoke.Invokers$Holder.linkToTargetMethod(java.lang.Object, java.lang.Object, int, java.lang.Object)'> (0x0000000705c42898) 
thrown [s\open\src\hotspot\share\interpreter\linkResolver.cpp, line 796]
Event: 1.961 Thread 0x000002194a3c2090 Exception <a 'java/lang/NoSuchMethodError'{0x000000071118c648}: 'int java.lang.invoke.DirectMethodHandle$Holder.invokeStatic(java.lang.Object, int, java.lang.Object)'> (0x000000071118c648) 
thrown [s\open\src\hotspot\share\interpreter\linkResolver.cpp, line 796]
Event: 6.397 Thread 0x000002194aeeec50 Exception <a 'java/lang/NoSuchMethodError'{0x0000000705de1798}: 'void java.lang.invoke.DirectMethodHandle$Holder.invokeSpecial(java.lang.Object, java.lang.Object, java.lang.Object, java.lang.Object, java.lang.Object, java.lang.Object, java.lang.Object)'> (0x0000000705de1798) 
thrown [s\open\src\hotspot\share\interpreter\linkResolver.cpp, line 796]
Event: 6.404 Thread 0x0000021960def360 Exception <a 'java/lang/NoSuchMethodError'{0x0000000705824610}: 'java.lang.Object java.lang.invoke.DirectMethodHandle$Holder.invokeSpecialIFC(java.lang.Object, java.lang.Object, java.lang.Object)'> (0x0000000705824610) 
thrown [s\open\src\hotspot\share\interpreter\linkResolver.cpp, line 796]
Event: 8.500 Thread 0x0000021960def360 Exception <a 'java/lang/NoSuchMethodError'{0x0000000704df5ca0}: 'java.lang.Object java.lang.invoke.DirectMethodHandle$Holder.invokeStatic(java.lang.Object, int, java.lang.Object)'> (0x0000000704df5ca0) 
thrown [s\open\src\hotspot\share\interpreter\linkResolver.cpp, line 796]
Event: 8.505 Thread 0x0000021960def360 Exception <a 'java/lang/ClassNotFoundException'{0x0000000704a57588}: sun/util/logging/resources/spi/loggingProvider> (0x0000000704a57588) 
thrown [s\open\src\hotspot\share\classfile\systemDictionary.cpp, line 313]
Event: 8.517 Thread 0x0000021960def360 Exception <a 'java/lang/NoSuchMethodError'{0x0000000704bbb128}: 'java.lang.Object java.lang.invoke.DirectMethodHandle$Holder.newInvokeSpecial(java.lang.Object, java.lang.Object, java.lang.Object, java.lang.Object, java.lang.Object, java.lang.Object, java.lang.Object)'> (0x0000000704bbb128) 
thrown [s\open\src\hotspot\share\interpreter\linkResolver.cpp, line 796]
Event: 8.519 Thread 0x0000021960def360 Exception <a 'java/lang/NoSuchMethodError'{0x0000000704bda508}: 'java.lang.Object java.lang.invoke.DirectMethodHandle$Holder.invokeInterface(java.lang.Object, java.lang.Object, java.lang.Object, java.lang.Object, java.lang.Object)'> (0x0000000704bda508) 
thrown [s\open\src\hotspot\share\interpreter\linkResolver.cpp, line 796]
Event: 8.519 Thread 0x0000021960def360 Exception <a 'java/lang/IncompatibleClassChangeError'{0x0000000704bde048}: Found class java.lang.Object, but interface was expected> (0x0000000704bde048) 
thrown [s\open\src\hotspot\share\interpreter\linkResolver.cpp, line 863]
Event: 8.554 Thread 0x0000021960def360 Exception <a 'java/lang/IncompatibleClassChangeError'{0x00000007046a2a48}: Found class java.lang.Object, but interface was expected> (0x00000007046a2a48) 
thrown [s\open\src\hotspot\share\interpreter\linkResolver.cpp, line 863]
Event: 8.554 Thread 0x0000021960def360 Exception <a 'java/lang/IncompatibleClassChangeError'{0x00000007046a5908}: Found class java.lang.Object, but interface was expected> (0x00000007046a5908) 
thrown [s\open\src\hotspot\share\interpreter\linkResolver.cpp, line 863]
Event: 8.555 Thread 0x0000021960def360 Exception <a 'java/lang/IncompatibleClassChangeError'{0x00000007046ac470}: Found class java.lang.Object, but interface was expected> (0x00000007046ac470) 
thrown [s\open\src\hotspot\share\interpreter\linkResolver.cpp, line 863]
Event: 8.555 Thread 0x0000021960def360 Exception <a 'java/lang/IncompatibleClassChangeError'{0x00000007046af368}: Found class java.lang.Object, but interface was expected> (0x00000007046af368) 
thrown [s\open\src\hotspot\share\interpreter\linkResolver.cpp, line 863]
Event: 8.556 Thread 0x0000021960def360 Exception <a 'java/lang/IncompatibleClassChangeError'{0x00000007046cec90}: Found class java.lang.Object, but interface was expected> (0x00000007046cec90) 
thrown [s\open\src\hotspot\share\interpreter\linkResolver.cpp, line 863]

VM Operations (20 events):
Event: 1.717 Executing VM operation: HandshakeAllThreads (Deoptimize)
Event: 1.717 Executing VM operation: HandshakeAllThreads (Deoptimize) done
Event: 1.719 Executing VM operation: HandshakeAllThreads (Deoptimize)
Event: 1.719 Executing VM operation: HandshakeAllThreads (Deoptimize) done
Event: 1.737 Executing VM operation: HandshakeAllThreads (Deoptimize)
Event: 1.737 Executing VM operation: HandshakeAllThreads (Deoptimize) done
Event: 1.762 Executing VM operation: HandshakeAllThreads (Deoptimize)
Event: 1.762 Executing VM operation: HandshakeAllThreads (Deoptimize) done
Event: 1.814 Executing VM operation: CollectForMetadataAllocation (Metadata GC Threshold)
Event: 1.818 Executing VM operation: CollectForMetadataAllocation (Metadata GC Threshold) done
Event: 1.827 Executing VM operation: G1PauseRemark
Event: 1.828 Executing VM operation: G1PauseRemark done
Event: 1.830 Executing VM operation: G1PauseCleanup
Event: 1.831 Executing VM operation: G1PauseCleanup done
Event: 1.895 Executing VM operation: HandshakeAllThreads (Deoptimize)
Event: 1.895 Executing VM operation: HandshakeAllThreads (Deoptimize) done
Event: 1.896 Executing VM operation: HandshakeAllThreads (Deoptimize)
Event: 1.896 Executing VM operation: HandshakeAllThreads (Deoptimize) done
Event: 6.391 Executing VM operation: HandshakeAllThreads (Deoptimize)
Event: 6.391 Executing VM operation: HandshakeAllThreads (Deoptimize) done

Memory protections (0 events):
No events

Nmethod flushes (0 events):
No events

Events (20 events):
Event: 1.723 Thread 0x0000021902c97b30 Thread added: 0x0000021902c98200
Event: 1.840 Thread 0x0000021960def360 Thread added: 0x000002194a3c2090
Event: 1.868 Thread 0x0000021960def360 Thread added: 0x000002194a3c2720
Event: 1.870 Thread 0x0000021960def360 Thread added: 0x000002194a3c2db0
Event: 1.870 Thread 0x0000021960def360 Thread added: 0x000002194aeed210
Event: 1.871 Thread 0x000002194a3c2db0 Thread added: 0x000002194aeed8a0
Event: 1.896 Thread 0x000002194aeed8a0 Thread added: 0x000002194aeec4f0
Event: 1.927 Thread 0x0000021960def360 Thread added: 0x000002194aeedf30
Event: 1.928 Thread 0x0000021960def360 Thread added: 0x000002194aeecb80
Event: 1.962 Thread 0x000002194a3c2090 Thread added: 0x000002194aeeec50
Event: 1.963 Thread 0x000002194a3c2090 Thread added: 0x000002194aeee5c0
Event: 1.964 Thread 0x000002194a3c2090 Thread added: 0x000002194aeef2e0
Event: 4.969 Thread 0x0000021902c98200 Thread exited: 0x0000021902c98200
Event: 4.969 Thread 0x0000021902c9a410 Thread exited: 0x0000021902c9a410
Event: 6.415 Thread 0x0000021902c97b30 Thread added: 0x0000021902c988d0
Event: 6.435 Thread 0x0000021960def360 Thread added: 0x000002194aeebe60
Event: 6.435 Thread 0x0000021960def360 Thread added: 0x000002194aef13b0
Event: 6.437 Thread 0x000002194aeebe60 Thread added: 0x000002194aef0690
Event: 6.437 Thread 0x000002194aeebe60 Thread added: 0x000002194aef20d0
Event: 6.437 Thread 0x000002194aeebe60 Thread added: 0x000002194aef2df0


Dynamic libraries:
0x00007ff69e9c0000 - 0x00007ff69e9ce000 	C:\Users\Mihajlo\.jdks\openjdk-23.0.1\bin\java.exe
0x00007ffcd5220000 - 0x00007ffcd5483000 	C:\WINDOWS\SYSTEM32\ntdll.dll
0x00007ffcd3bb0000 - 0x00007ffcd3c78000 	C:\WINDOWS\System32\KERNEL32.DLL
0x00007ffcd2b70000 - 0x00007ffcd2f22000 	C:\WINDOWS\System32\KERNELBASE.dll
0x00007ffcd2f30000 - 0x00007ffcd307b000 	C:\WINDOWS\System32\ucrtbase.dll
0x00007ffcc1e50000 - 0x00007ffcc1e67000 	C:\Users\Mihajlo\.jdks\openjdk-23.0.1\bin\jli.dll
0x00007ffcc4040000 - 0x00007ffcc405b000 	C:\Users\Mihajlo\.jdks\openjdk-23.0.1\bin\VCRUNTIME140.dll
0x00007ffcd36a0000 - 0x00007ffcd3868000 	C:\WINDOWS\System32\USER32.dll
0x00007ffcad540000 - 0x00007ffcad7d0000 	C:\WINDOWS\WinSxS\amd64_microsoft.windows.common-controls_6595b64144ccf1df_6.0.26100.2454_none_3e0b68a2e331ad60\COMCTL32.dll
0x00007ffcd2a00000 - 0x00007ffcd2a27000 	C:\WINDOWS\System32\win32u.dll
0x00007ffcd3110000 - 0x00007ffcd31b9000 	C:\WINDOWS\System32\msvcrt.dll
0x00007ffcd31c0000 - 0x00007ffcd31ea000 	C:\WINDOWS\System32\GDI32.dll
0x00007ffcd28d0000 - 0x00007ffcd29fb000 	C:\WINDOWS\System32\gdi32full.dll
0x00007ffcd2ac0000 - 0x00007ffcd2b63000 	C:\WINDOWS\System32\msvcp_win.dll
0x00007ffcd4e70000 - 0x00007ffcd4e9f000 	C:\WINDOWS\System32\IMM32.DLL
0x00007ffcc1e00000 - 0x00007ffcc1e0c000 	C:\Users\Mihajlo\.jdks\openjdk-23.0.1\bin\vcruntime140_1.dll
0x00007ffc94650000 - 0x00007ffc946de000 	C:\Users\Mihajlo\.jdks\openjdk-23.0.1\bin\msvcp140.dll
0x00007ffc50050000 - 0x00007ffc50d9f000 	C:\Users\Mihajlo\.jdks\openjdk-23.0.1\bin\server\jvm.dll
0x00007ffcd35e0000 - 0x00007ffcd3694000 	C:\WINDOWS\System32\ADVAPI32.dll
0x00007ffcd4fe0000 - 0x00007ffcd5086000 	C:\WINDOWS\System32\sechost.dll
0x00007ffcd50c0000 - 0x00007ffcd51d6000 	C:\WINDOWS\System32\RPCRT4.dll
0x00007ffcd3090000 - 0x00007ffcd3104000 	C:\WINDOWS\System32\WS2_32.dll
0x00007ffcd12c0000 - 0x00007ffcd130e000 	C:\WINDOWS\SYSTEM32\POWRPROF.dll
0x00007ffccab60000 - 0x00007ffccab6b000 	C:\WINDOWS\SYSTEM32\VERSION.dll
0x00007ffcc1e70000 - 0x00007ffcc1ea6000 	C:\WINDOWS\SYSTEM32\WINMM.dll
0x00007ffcd12a0000 - 0x00007ffcd12b4000 	C:\WINDOWS\SYSTEM32\UMPDC.dll
0x00007ffcd1540000 - 0x00007ffcd155a000 	C:\WINDOWS\SYSTEM32\kernel.appcore.dll
0x00007ffcc1df0000 - 0x00007ffcc1dfa000 	C:\Users\Mihajlo\.jdks\openjdk-23.0.1\bin\jimage.dll
0x00007ffcbf1b0000 - 0x00007ffcbf3f1000 	C:\WINDOWS\SYSTEM32\DBGHELP.DLL
0x00007ffcd31f0000 - 0x00007ffcd356e000 	C:\WINDOWS\System32\combase.dll
0x00007ffcd4d10000 - 0x00007ffcd4de6000 	C:\WINDOWS\System32\OLEAUT32.dll
0x00007ffcc4230000 - 0x00007ffcc4269000 	C:\WINDOWS\SYSTEM32\dbgcore.DLL
0x00007ffcd2830000 - 0x00007ffcd28c9000 	C:\WINDOWS\System32\bcryptPrimitives.dll
0x00007ffccf0a0000 - 0x00007ffccf0af000 	C:\Users\Mihajlo\.jdks\openjdk-23.0.1\bin\instrument.dll
0x00007ffcbda60000 - 0x00007ffcbda7e000 	C:\Users\Mihajlo\.jdks\openjdk-23.0.1\bin\java.dll
0x00007ffcd3870000 - 0x00007ffcd3a09000 	C:\WINDOWS\System32\ole32.dll
0x00007ffcd40c0000 - 0x00007ffcd47c1000 	C:\WINDOWS\System32\SHELL32.dll
0x00007ffcd0360000 - 0x00007ffcd0b91000 	C:\WINDOWS\SYSTEM32\windows.storage.dll
0x00007ffcd4f00000 - 0x00007ffcd4fda000 	C:\WINDOWS\System32\SHCORE.dll
0x00007ffcd3580000 - 0x00007ffcd35dd000 	C:\WINDOWS\System32\shlwapi.dll
0x00007ffcd2500000 - 0x00007ffcd252e000 	C:\WINDOWS\SYSTEM32\profapi.dll
0x00007ffc792d0000 - 0x00007ffc793a7000 	C:\Users\Mihajlo\.jdks\openjdk-23.0.1\bin\jsvml.dll
0x00007ffcae5a0000 - 0x00007ffcae5b7000 	C:\Users\Mihajlo\.jdks\openjdk-23.0.1\bin\zip.dll
0x00007ffcc16f0000 - 0x00007ffcc1700000 	C:\Users\Mihajlo\.jdks\openjdk-23.0.1\bin\net.dll
0x00007ffcd1a40000 - 0x00007ffcd1aa8000 	C:\WINDOWS\system32\mswsock.dll
0x00007ffcaec50000 - 0x00007ffcaec66000 	C:\Users\Mihajlo\.jdks\openjdk-23.0.1\bin\nio.dll
0x00007ffccefd0000 - 0x00007ffccefe0000 	C:\Users\Mihajlo\.jdks\openjdk-23.0.1\bin\verify.dll
0x00007ffccdc80000 - 0x00007ffccdc9a000 	C:\Program Files\JetBrains\IntelliJ IDEA 2024.2.3\bin\breakgen64.dll
0x00007ffcafb80000 - 0x00007ffcafb89000 	C:\Users\Mihajlo\.jdks\openjdk-23.0.1\bin\extnet.dll
0x00007ffcd1ce0000 - 0x00007ffcd1cfc000 	C:\WINDOWS\SYSTEM32\CRYPTSP.dll
0x00007ffcd14a0000 - 0x00007ffcd14d8000 	C:\WINDOWS\system32\rsaenh.dll
0x00007ffcd1ae0000 - 0x00007ffcd1b0b000 	C:\WINDOWS\SYSTEM32\USERENV.dll
0x00007ffcd1f20000 - 0x00007ffcd1f46000 	C:\WINDOWS\SYSTEM32\bcrypt.dll
0x00007ffcd1d00000 - 0x00007ffcd1d0c000 	C:\WINDOWS\SYSTEM32\CRYPTBASE.dll
0x00007ffcd0f00000 - 0x00007ffcd0f32000 	C:\WINDOWS\SYSTEM32\IPHLPAPI.DLL
0x00007ffcd3080000 - 0x00007ffcd308a000 	C:\WINDOWS\System32\NSI.dll
0x00007ffcd0f90000 - 0x00007ffcd10b5000 	C:\WINDOWS\SYSTEM32\DNSAPI.dll
0x00007ffccab50000 - 0x00007ffccab5b000 	C:\Windows\System32\rasadhlp.dll
0x00007ffccbb50000 - 0x00007ffccbbd5000 	C:\WINDOWS\System32\fwpuclnt.dll
0x00007ffcb1f30000 - 0x00007ffcb1f3e000 	C:\Users\Mihajlo\.jdks\openjdk-23.0.1\bin\sunmscapi.dll
0x00007ffcd26b0000 - 0x00007ffcd2826000 	C:\WINDOWS\System32\CRYPT32.dll
0x00007ffcd1ee0000 - 0x00007ffcd1f10000 	C:\WINDOWS\SYSTEM32\ncrypt.dll
0x00007ffcd1e90000 - 0x00007ffcd1ecf000 	C:\WINDOWS\SYSTEM32\NTASN1.dll
0x00007ffcba010000 - 0x00007ffcba018000 	C:\WINDOWS\system32\wshunix.dll
0x00007ffcb1f10000 - 0x00007ffcb1f28000 	C:\WINDOWS\system32\napinsp.dll
0x00007ffcb20e0000 - 0x00007ffcb20f2000 	C:\WINDOWS\System32\winrnr.dll
0x00007ffcb20b0000 - 0x00007ffcb20d2000 	C:\WINDOWS\system32\nlansp_c.dll
0x00007ffcb2090000 - 0x00007ffcb20a6000 	C:\WINDOWS\system32\wshbth.dll
0x00007ffcbf400000 - 0x00007ffcbf40a000 	C:\Users\Mihajlo\.jdks\openjdk-23.0.1\bin\management.dll
0x00007ffcbe340000 - 0x00007ffcbe34b000 	C:\Users\Mihajlo\.jdks\openjdk-23.0.1\bin\management_ext.dll
0x00007ffcd3a20000 - 0x00007ffcd3a28000 	C:\WINDOWS\System32\PSAPI.DLL

dbghelp: loaded successfully - version: 4.0.5 - missing functions: none
symbol engine: initialized successfully - sym options: 0x614 - pdb path: .;C:\Users\Mihajlo\.jdks\openjdk-23.0.1\bin;C:\WINDOWS\SYSTEM32;C:\WINDOWS\WinSxS\amd64_microsoft.windows.common-controls_6595b64144ccf1df_6.0.26100.2454_none_3e0b68a2e331ad60;C:\Users\Mihajlo\.jdks\openjdk-23.0.1\bin\server;C:\Program Files\JetBrains\IntelliJ IDEA 2024.2.3\bin

VM Arguments:
jvm_args: -ea -javaagent:C:\Users\Mihajlo\.m2\repository/org/aspectj/aspectjweaver/1.9.22.1/aspectjweaver-1.9.22.1.jar -Didea.test.cyclic.buffer.size=1048576 -javaagent:C:\Program Files\JetBrains\IntelliJ IDEA 2024.2.3\lib\idea_rt.jar=58407:C:\Program Files\JetBrains\IntelliJ IDEA 2024.2.3\bin -Dfile.encoding=UTF-8 -Dsun.stdout.encoding=UTF-8 -Dsun.stderr.encoding=UTF-8 
java_command: com.intellij.rt.junit.JUnitStarter -ideVersion5 -junit5 tests.event.planner.e2e.PurchaseMerchandiseTest
java_class_path (initial): C:\Program Files\JetBrains\IntelliJ IDEA 2024.2.3\lib\idea_rt.jar;C:\Program Files\JetBrains\IntelliJ IDEA 2024.2.3\plugins\junit\lib\junit5-rt.jar;C:\Program Files\JetBrains\IntelliJ IDEA 2024.2.3\plugins\junit\lib\junit-rt.jar;C:\Users\Mihajlo\Desktop\Faks\III godina\I semestar\Testiranje softvera\Projekat\Selenium_tests_event_planner\target\test-classes;C:\Users\Mihajlo\.m2\repository\io\qameta\allure\allure-junit5\2.29.0\allure-junit5-2.29.0.jar;C:\Users\Mihajlo\.m2\repository\io\qameta\allure\allure-junit-platform\2.29.0\allure-junit-platform-2.29.0.jar;C:\Users\Mihajlo\.m2\repository\org\junit\platform\junit-platform-launcher\1.10.3\junit-platform-launcher-1.10.3.jar;C:\Users\Mihajlo\.m2\repository\io\qameta\allure\allure-test-filter\2.29.0\allure-test-filter-2.29.0.jar;C:\Users\Mihajlo\.m2\repository\org\aspectj\aspectjweaver\1.9.22.1\aspectjweaver-1.9.22.1.jar;C:\Users\Mihajlo\.m2\repository\com\codeborne\selenide\7.6.0\selenide-7.6.0.jar;C:\Users\Mihajlo\.m2\repository\org\seleniumhq\selenium\selenium-java\4.26.0\selenium-java-4.26.0.jar;C:\Users\Mihajlo\.m2\repository\org\seleniumhq\selenium\selenium-api\4.26.0\selenium-api-4.26.0.jar;C:\Users\Mihajlo\.m2\repository\org\seleniumhq\selenium\selenium-chrome-driver\4.26.0\selenium-chrome-driver-4.26.0.jar;C:\Users\Mihajlo\.m2\repository\com\google\auto\service\auto-service-annotations\1.1.1\auto-service-annotations-1.1.1.jar;C:\Users\Mihajlo\.m2\repository\org\seleniumhq\selenium\selenium-chromium-driver\4.26.0\selenium-chromium-driver-4.26.0.jar;C:\Users\Mihajlo\.m2\repository\org\seleniumhq\selenium\selenium-json\4.26.0\selenium-json-4.26.0.jar;C:\Users\Mihajlo\.m2\repository\org\seleniumhq\selenium\selenium-manager\4.26.0\selenium-manager-4.26.0.jar;C:\Users\Mihajlo\.m2\repository\org\seleniumhq\selenium\selenium-devtools-v128\4.26.0\selenium-devtools-v128-4.26.0.jar;C:\Users\Mihajlo\.m2\repository\org\seleniumhq\selenium\selenium-devtools-v129\4.26.0\selenium-devtools-v129-4.26.0.jar;C:\Users\Mihajlo\.m2\repository\org\seleniumhq\selenium\selenium-devtools-v130\4.26.0\selenium-devtools-v130-4.26.0.jar;C:\Users\Mihajlo\.m2\repository\org\seleniumhq\selenium\selenium-devtools-v85\4.26.0\selenium-devtools-v85-4.26.0.jar;C:\Users\Mihajlo\.m2\repository\org\seleniumhq\selenium\selenium-edge-driver\4.26.0\selenium-edge-driver-4.26.0.jar;C:\Users\Mihajlo\.m2\repository\org\seleniumhq\selenium\selenium-firefox-driver\4.26.0\selenium-firefox-driver-4.26.0.jar;C:\Users\Mihajlo\.m2\repository\org\seleniumhq\selenium\selenium-http\4.26.0\selenium-http-4.26.0.jar;C:\Users\Mihajlo\.m2\repository\dev\failsafe\failsafe\3.3.2\failsafe-3.3.2.jar;C:\Users\Mihajlo\.m2\repository\org\seleniumhq\selenium\selenium-ie-driver\4.26.0\selenium-ie-driver-4.26.0.jar;C:\Users\Mihajlo\.m2\repository\org\seleniumhq\selenium\selenium-remote-driver\4.26.0\selenium-remote-driver-4.26.0.jar;C:\Users\Mihajlo\.m2\repository\io\opentelemetry\semconv\opentelemetry-semconv\1.25.0-alpha\opentelemetry-semconv-1.25.0-alpha.jar;C:\Users\Mihajlo\.m2\repository\io\opentelemetry\opentelemetry-api\1.43.0\opentelemetry-api-1.43.0.jar;C:\Users\Mihajlo\.m2\repository\io\opentelemetry\opentelemetry-context\1.43.0\opentelemetry-context-1.43.0.jar;C:\Users\Mihajlo\.m2\repository\io\opentelemetry\opentelemetry-exporter-logging\1.43.0\opentelemetry-exporter-logging-1.43.0.jar;C:\Users\Mihajlo\.m2\repository\io\opentelemetry\opentelemetry-sdk-common\1.43.0\opentelemetry-sdk-common-1.43.0.jar;C:\Users\Mihajlo\.m2\repository\io\opentelemetry\opentelemetry-sdk-extension-autoconfigure-spi\1.43.0\opentelemetry-sdk-extension-autoconfigure-spi-1.43.0.jar;C:\Users\Mihajlo\.m2\repository\io\opentelemetry\opentelemetry-sdk-extension-autoconfigure\1.43.0\opentelemetry-sdk-extension-autoconfigure-1.43.0.jar;C:\Users\Mihajlo\.m2\repository\io\opentelemetry\opentelemetry-api-incubator\1.43.0-alpha\opentelemetry-api-incubator-1.43.0-alpha.jar;C:\Users\Mihajlo\.m2\repository\io\opentelemetry\opentelemetry-sdk-trace\1.43.0\opentelemetry-sdk-trace-1.43.0.jar;C:\Users\Mihajlo\.m2\repository\io\opentelemetry\opentelemetry-sdk\1.43.0\opentelemetry-sdk-1.43.0.jar;C:\Users\Mihajlo\.m2\repository\io\opentelemetry\opentelemetry-sdk-metrics\1.43.0\opentelemetry-sdk-metrics-1.43.0.jar;C:\Users\Mihajlo\.m2\repository\io\opentelemetry\opentelemetry-sdk-logs\1.43.0\opentelemetry-sdk-logs-1.43.0.jar;C:\Users\Mihajlo\.m2\repository\net\bytebuddy\byte-buddy\1.15.7\byte-buddy-1.15.7.jar;C:\Users\Mihajlo\.m2\repository\org\seleniumhq\selenium\selenium-os\4.26.0\selenium-os-4.26.0.jar;C:\Users\Mihajlo\.m2\repository\org\apache\commons\commons-exec\1.4.0\commons-exec-1.4.0.jar;C:\Users\Mihajlo\.m2\repository\org\seleniumhq\selenium\selenium-safari-driver\4.26.0\selenium-safari-driver-4.26.0.jar;C:\Users\Mihajlo\.m2\repository\org\seleniumhq\selenium\selenium-support\4.26.0\selenium-support-4.26.0.jar;C:\Users\Mihajlo\.m2\repository\org\slf4j\slf4j-api\2.0.16\slf4j-api-2.0.16.jar;C:\Users\Mihajlo\.m2\repository\com\codeborne\selenide-core\7.6.0\selenide-core-7.6.0.jar;C:\Users\Mihajlo\.m2\repository\org\apache\httpcomponents\client5\httpclient5\5.4.1\httpclient5-5.4.1.jar;C:\Users\Mihajlo\.m2\repository\org\apache\httpcomponents\core5\httpcore5\5.3.1\httpcore5-5.3.1.jar;C:\Users\Mihajlo\.m2\repository\org\apache\httpcomponents\core5\httpcore5-h2\5.3.1\httpcore5-h2-5.3.1.jar;C:\Users\Mihajlo\.m2\repository\org\jspecify\jspecify\1.0.0\jspecify-1.0.0.jar;C:\Users\Mihajlo\.m2\repository\com\google\errorprone\error_prone_annotations\2.36.0\error_prone_annotations-2.36.0.jar;C:\Users\Mihajlo\.m2\repository\com\google\guava\guava\33.3.1-jre\guava-33.3.1-jre.jar;C:\Users\Mihajlo\.m2\repository\com\google\guava\failureaccess\1.0.2\failureaccess-1.0.2.jar;C:\Users\Mihajlo\.m2\repository\com\google\guava\listenablefuture\9999.0-empty-to-avoid-conflict-with-guava\listenablefuture-9999.0-empty-to-avoid-conflict-with-guava.jar;C:\Users\Mihajlo\.m2\repository\org\checkerframework\checker-qual\3.43.0\checker-qual-3.43.0.jar;C:\Users\Mihajlo\.m2\repository\com\google\j2objc\j2objc-annotations\3.0.0\j2objc-annotations-3.0.0.jar;C:\Users\Mihajlo\.m2\repository\org\apache\commons\commons-lang3\3.17.0\commons-lang3-3.17.0.jar;C:\Users\Mihajlo\.m2\repository\commons-io\commons-io\2.18.0\commons-io-2.18.0.jar;C:\Users\Mihajlo\.m2\repository\io\qameta\allure\allure-selenide\2.29.0\allure-selenide-2.29.0.jar;C:\Users\Mihajlo\.m2\repository\io\qameta\allure\allure-java-commons\2.29.0\allure-java-commons-2.29.0.jar;C:\Users\Mihajlo\.m2\repository\io\qameta\allure\allure-model\2.29.0\allure-model-2.29.0.jar;C:\Users\Mihajlo\.m2\repository\org\junit\jupiter\junit-jupiter-api\5.11.3\junit-jupiter-api-5.11.3.jar;C:\Users\Mihajlo\.m2\repository\org\opentest4j\opentest4j\1.3.0\opentest4j-1.3.0.jar;C:\Users\Mihajlo\.m2\repository\org\junit\platform\junit-platform-commons\1.11.3\junit-platform-commons-1.11.3.jar;C:\Users\Mihajlo\.m2\repository\org\apiguardian\apiguardian-api\1.1.2\apiguardian-api-1.1.2.jar;C:\Users\Mihajlo\.m2\repository\org\junit\jupiter\junit-jupiter-engine\5.11.3\junit-jupiter-engine-5.11.3.jar;C:\Users\Mihajlo\.m2\repository\org\junit\platform\junit-platform-engine\1.11.3\junit-platform-engine-1.11.3.jar;C:\Users\Mihajlo\.m2\repository\org\slf4j\slf4j-simple\2.0.16\slf4j-simple-2.0.16.jar
Launcher Type: SUN_STANDARD

[Global flags]
     intx CICompilerCount                          = 4                                         {product} {ergonomic}
     uint ConcGCThreads                            = 3                                         {product} {ergonomic}
     uint G1ConcRefinementThreads                  = 10                                        {product} {ergonomic}
   size_t G1HeapRegionSize                         = 2097152                                   {product} {ergonomic}
   size_t InitialHeapSize                          = 268435456                                 {product} {ergonomic}
   size_t MarkStackSize                            = 4194304                                   {product} {ergonomic}
   size_t MarkStackSizeMax                         = 536870912                                 {product} {ergonomic}
   size_t MaxHeapSize                              = 4276092928                                {product} {ergonomic}
   size_t MaxNewSize                               = 2564816896                                {product} {ergonomic}
   size_t MinHeapDeltaBytes                        = 2097152                                   {product} {ergonomic}
   size_t MinHeapSize                              = 8388608                                   {product} {ergonomic}
    uintx NonNMethodCodeHeapSize                   = 5832704                                {pd product} {ergonomic}
    uintx NonProfiledCodeHeapSize                  = 122945536                              {pd product} {ergonomic}
    uintx ProfiledCodeHeapSize                     = 122880000                              {pd product} {ergonomic}
    uintx ReservedCodeCacheSize                    = 251658240                              {pd product} {ergonomic}
     bool SegmentedCodeCache                       = true                                      {product} {ergonomic}
   size_t SoftMaxHeapSize                          = 4276092928                             {manageable} {ergonomic}
     bool UseCompressedOops                        = true                           {product lp64_product} {ergonomic}
     bool UseG1GC                                  = true                                      {product} {ergonomic}
     bool UseLargePagesIndividualAllocation        = false                                  {pd product} {ergonomic}

Logging:
Log output configuration:
 #0: stdout all=warning uptime,level,tags foldmultilines=false
 #1: stderr all=off uptime,level,tags foldmultilines=false

Environment Variables:
JAVA_HOME=C:\Program Files\Java\jdk-19
PATH=C:\app\Mihajlo\product\21c\dbhomeXE\bin;C:\Program Files\Common Files\Oracle\Java\javapath;C:\ProgramData\Oracle\Java\javapath;C:\Windows\system32;C:\Windows;C:\Windows\System32\Wbem;C:\Windows\System32\WindowsPowerShell\v1.0\;C:\Windows\System32\OpenSSH\;C:\Program Files (x86)\NVIDIA Corporation\PhysX\Common;C:\WINDOWS\system32;C:\WINDOWS;C:\WINDOWS\System32\Wbem;C:\WINDOWS\System32\WindowsPowerShell\v1.0\;C:\WINDOWS\System32\OpenSSH\;C:\Python310;C:\Program Files\dotnet\;"C:\Program Files\Java\jdk-19\bin;";C:\Program Files\Go\bin;C:\Program Files\Git\cmd;C:\Python310\Scripts;C:\Program Files\Microsoft SQL Server\150\Tools\Binn\;C:\Program Files\Microsoft SQL Server\Client SDK\ODBC\170\Tools\Binn\;C:\Program Files (x86)\Windows Kits\10\Windows Performance Toolkit\;C:\Program Files (x86)\dotnet\;C:\Program Files\nodejs\;C:\Program Files\NVIDIA Corporation\NVIDIA app\NvDLISR;C:\WINDOWS\system32;C:\WINDOWS;C:\WINDOWS\System32\Wbem;C:\WINDOWS\System32\WindowsPowerShell\v1.0\;C:\WINDOWS\System32\OpenSSH\;C:\Users\Mihajlo\AppData\Local\Microsoft\WindowsApps;C:\Users\Mihajlo\AppData\Local\Programs\Microsoft VS Code\bin;C:\Users\Mihajlo\go\bin;C:\Users\Mihajlo\.dotnet\tools;C:\Users\Mihajlo\AppData\Local\GitHubDesktop\bin;C:\Users\Mihajlo\AppData\Local\JetBrains\Toolbox\scripts;C:\Users\Mihajlo\AppData\Local\Microsoft\WinGet\Packages\Schniz.fnm_Microsoft.Winget.Source_8wekyb3d8bbwe;C:\Users\Mihajlo\AppData\Roaming\npm;%USERPROFILE%\AppData\Local\Microsoft\WindowsApps;
USERNAME=Mihajlo
OS=Windows_NT
PROCESSOR_IDENTIFIER=AMD64 Family 25 Model 33 Stepping 2, AuthenticAMD
TMP=C:\Users\Mihajlo\AppData\Local\Temp
TEMP=C:\Users\Mihajlo\AppData\Local\Temp




Periodic native trim disabled

---------------  S Y S T E M  ---------------

OS:
 Windows 11 , 64 bit Build 26100 (10.0.26100.2454)
OS uptime: 5 days 8:05 hours

CPU: total 12 (initial active 12) (12 cores per cpu, 2 threads per core) family 25 model 33 stepping 2 microcode 0xa201205, cx8, cmov, fxsr, ht, mmx, 3dnowpref, sse, sse2, sse3, ssse3, sse4a, sse4.1, sse4.2, popcnt, lzcnt, tsc, tscinvbit, avx, avx2, aes, erms, clmul, bmi1, bmi2, adx, sha, fma, vzeroupper, clflush, clflushopt, rdtscp, rdpid, fsrm, f16c, pku, cet_ss
Processor Information for the first 12 processors :
  Max Mhz: 3501, Current Mhz: 3501, Mhz Limit: 3501

Memory: 4k page, system-wide physical 16307M (4167M free)
TotalPageFile size 20807M (AvailPageFile size 2M)
current process WorkingSet (physical memory assigned to process): 171M, peak: 205M
current process commit charge ("private bytes"): 251M, peak: 417M

vm_info: OpenJDK 64-Bit Server VM (23.0.1+11-39) for windows-amd64 JRE (23.0.1+11-39), built on 2024-09-30T07:20:43Z with MS VC++ 17.6 (VS2022)

END.
